<?xml version="1.0" encoding="UTF-8"?>
<!-- Generated by org.testng.reporters.JUnitReportReporter -->
<testsuite hostname="Shariars-MacBook-Pro.local" failures="0" tests="1" name="test.temp" time="0.006" errors="0" timestamp="12 Mar 2020 23:49:18 GMT" skipped="0">
  <testcase classname="test.temp" name="simpletest" time="0.006"/>
</testsuite> <!-- test.temp -->
